<?xml version="1.0" encoding="utf-8"?><testsuites name="pytest tests"><testsuite name="pytest" errors="0" failures="0" skipped="0" tests="10" time="2.948" timestamp="2026-07-30T14:50:00.595794+00:00" hostname="agent-env-fb3f961a-7674-457b-b509-f2dcd6b2a1bb"><testcase classname="tests.test_iteration4.TestWaitlistBasic" name="test_public_join_waitlist" time="0.631" /><testcase classname="tests.test_iteration4.TestReportsHome" name="test_shape" time="0.651" /><testcase classname="tests.test_iteration4.TestReportsHome" name="test_revenue_matches_ticket" time="0.353" /><testcase classname="tests.test_iteration4.TestWaitlistBasic" name="test_staff_list_shows_entry" time="0.516" /><testcase classname="tests.test_iteration4.TestWaitlistAuth" name="test_list_requires_auth" time="0.168" /><testcase classname="tests.test_iteration4.TestWaitlistBasic" name="test_manual_notify" time="0.490" /><testcase classname="tests.test_iteration4.TestWaitlistAuth" name="test_reports_home_requires_auth" time="0.125" /><testcase classname="tests.test_iteration4.TestWaitlistAutoNotify" name="test_cancel_notifies_waiting_entry" time="1.100" /><testcase classname="tests.test_iteration4.TestWaitlistBasic" name="test_delete" time="0.138" /><testcase classname="tests.test_iteration4.TestWaitlistBasic" name="test_delete_missing_returns_404" time="0.200" /></testsuite></testsuites>