<?xml version="1.0" encoding="utf-8"?><testsuites name="pytest tests"><testsuite name="pytest" errors="0" failures="0" skipped="0" tests="7" time="2.879" timestamp="2026-08-03T10:43:45.939374+00:00" hostname="agent-env-fb3f961a-7674-457b-b509-f2dcd6b2a1bb"><testcase classname="tests.test_iteration11_metrics" name="test_metrics_no_token" time="0.275" /><testcase classname="tests.test_iteration11_metrics" name="test_metrics_owner_forbidden" time="0.419" /><testcase classname="tests.test_iteration11_metrics" name="test_metrics_staff_forbidden" time="0.412" /><testcase classname="tests.test_iteration11_metrics" name="test_metrics_shape" time="0.432" /><testcase classname="tests.test_iteration11_metrics" name="test_metrics_totals_consistency" time="0.113" /><testcase classname="tests.test_iteration11_metrics" name="test_metrics_new_restaurant_zero" time="0.535" /><testcase classname="tests.test_iteration11_metrics" name="test_metrics_after_bookings" time="0.621" /></testsuite></testsuites>