<?xml version="1.0" encoding="utf-8"?><testsuites name="pytest tests"><testsuite name="pytest" errors="0" failures="0" skipped="0" tests="7" time="3.838" timestamp="2026-07-31T16:07:25.628534+00:00" hostname="agent-env-fb3f961a-7674-457b-b509-f2dcd6b2a1bb"><testcase classname="tests.test_iteration7_edit_booking" name="test_patch_updates_multiple_fields" time="1.047" /><testcase classname="tests.test_iteration7_edit_booking" name="test_patch_partial_internal_note_only" time="0.384" /><testcase classname="tests.test_iteration7_edit_booking" name="test_patch_partial_persons_only" time="0.403" /><testcase classname="tests.test_iteration7_edit_booking" name="test_patch_status_change_appends_history" time="0.513" /><testcase classname="tests.test_iteration7_edit_booking" name="test_patch_nonexistent_returns_404" time="0.182" /><testcase classname="tests.test_iteration7_edit_booking" name="test_patch_without_auth_returns_401_or_403" time="0.349" /><testcase classname="tests.test_iteration7_edit_booking" name="test_regression_full_crud" time="0.445" /></testsuite></testsuites>