<?xml version="1.0" encoding="utf-8"?><testsuites name="pytest tests"><testsuite name="pytest" errors="0" failures="3" skipped="0" tests="15" time="3.319" timestamp="2026-07-30T13:08:28.167063+00:00" hostname="agent-env-fb3f961a-7674-457b-b509-f2dcd6b2a1bb"><testcase classname="tests.test_iteration3.TestMonthAvailability" name="test_lunch_weekends_only" time="0.229"><failure message="AssertionError: Weekday should be closed for lunch: {'date': '2026-08-04', 'open': True, 'has_availability': True}&#10;assert True is False">tests/test_iteration3.py:115: in test_lunch_weekends_only
    assert day["open"] is False, f"Weekday should be closed for lunch: {day}"
E   AssertionError: Weekday should be closed for lunch: {'date': '2026-08-04', 'open': True, 'has_availability': True}
E   assert True is False</failure></testcase><testcase classname="tests.test_iteration3.TestDayAvailability" name="test_saturday_lunch" time="0.223" /><testcase classname="tests.test_iteration3.TestDayAvailability" name="test_saturday_dinner" time="0.122" /><testcase classname="tests.test_iteration3.TestMonthAvailability" name="test_dinner_tue_to_sun" time="0.115" /><testcase classname="tests.test_iteration3.TestDayAvailability" name="test_weekday_lunch_closed" time="0.100"><failure message="assert True is False">tests/test_iteration3.py:87: in test_weekday_lunch_closed
    assert d["open"] is False
E   assert True is False</failure></testcase><testcase classname="tests.test_iteration3.TestDayAvailability" name="test_no_service_param_defaults" time="0.258" /><testcase classname="tests.test_iteration3.TestPublicBookService" name="test_book_lunch_on_saturday" time="1.318" /><testcase classname="tests.test_iteration3.TestWhatsAppStatus" name="test_initial_not_configured" time="0.529" /><testcase classname="tests.test_iteration3.TestWhatsAppStatus" name="test_configured_after_twilio_setup" time="0.353" /><testcase classname="tests.test_iteration3.TestServices" name="test_services_list" time="0.141" /><testcase classname="tests.test_iteration3.TestPublicBookService" name="test_book_lunch_on_weekday_400" time="0.363"><failure message="AssertionError: {&quot;booking&quot;:{&quot;id&quot;:&quot;7fe6d4c0-32cb-44f0-a5a3-033a1593e54e&quot;,&quot;restaurant_id&quot;:&quot;fe60b7f9-fbbe-4651-bfd5-a5a1e3a4f4a7&quot;,&quot;customer_id&quot;:&quot;9a93f556-ef06-46d6-92a9-5563123eb39f&quot;,&quot;date&quot;:&quot;2026-08-04&quot;,&quot;time&quot;:&quot;13:00&quot;,&quot;duration_minutes&quot;:120,&quot;persons&quot;:2,&quot;status&quot;:&quot;accepted&quot;,&quot;source&quot;:&quot;online&quot;,&quot;table_ids&quot;:[&quot;36c68819-1473-456a-99d3-9e4a6c6dbfd9&quot;],&quot;guest_message&quot;:null,&quot;internal_note&quot;:null,&quot;status_history&quot;:[{&quot;status&quot;:&quot;accepted&quot;,&quot;at&quot;:&quot;2026-07-30T13:08:30.449253+00:00&quot;,&quot;by_user_id&quot;:null}],&quot;deposit_required&quot;:false,&quot;deposit_amount&quot;:0.0,&quot;deposit_status&quot;:null,&quot;deposit_session_id&quot;:null,&quot;reminder_sent_at&quot;:null,&quot;cancel_token&quot;:&quot;6rhcnb-Wnk0NV7yjXHSVJz4eddcdsb6R&quot;,&quot;created_at&quot;:&quot;2026-07-30T13:08:30.449293+00:00&quot;},&quot;checkout_url&quot;:null,&quot;deposit_required&quot;:false}&#10;assert 200 == 400&#10; +  where 200 = &lt;Response [200]&gt;.status_code">tests/test_iteration3.py:152: in test_book_lunch_on_weekday_400
    assert r.status_code == 400, r.text
E   AssertionError: {"booking":{"id":"7fe6d4c0-32cb-44f0-a5a3-033a1593e54e","restaurant_id":"fe60b7f9-fbbe-4651-bfd5-a5a1e3a4f4a7","customer_id":"9a93f556-ef06-46d6-92a9-5563123eb39f","date":"2026-08-04","time":"13:00","duration_minutes":120,"persons":2,"status":"accepted","source":"online","table_ids":["36c68819-1473-456a-99d3-9e4a6c6dbfd9"],"guest_message":null,"internal_note":null,"status_history":[{"status":"accepted","at":"2026-07-30T13:08:30.449253+00:00","by_user_id":null}],"deposit_required":false,"deposit_amount":0.0,"deposit_status":null,"deposit_session_id":null,"reminder_sent_at":null,"cancel_token":"6rhcnb-Wnk0NV7yjXHSVJz4eddcdsb6R","created_at":"2026-07-30T13:08:30.449293+00:00"},"checkout_url":null,"deposit_required":false}
E   assert 200 == 400
E    +  where 200 = &lt;Response [200]&gt;.status_code</failure></testcase><testcase classname="tests.test_iteration3.TestRestaurantWhatsAppFields" name="test_patch_and_echo" time="0.502" /><testcase classname="tests.test_iteration3.TestWhatsAppTest" name="test_disabled_returns_400" time="0.263" /><testcase classname="tests.test_iteration3.TestOpeningHoursServiceType" name="test_service_types_present" time="0.111" /><testcase classname="tests.test_iteration3.TestWhatsAppTest" name="test_staff_forbidden" time="0.440" /></testsuite></testsuites>