<?xml version="1.0" encoding="utf-8"?><testsuites name="pytest tests"><testsuite name="pytest" errors="0" failures="0" skipped="0" tests="21" time="7.809" timestamp="2026-08-03T10:29:09.324700+00:00" hostname="agent-env-fb3f961a-7674-457b-b509-f2dcd6b2a1bb"><testcase classname="tests.test_iteration10_agency" name="test_agency_login_shape" time="0.521" /><testcase classname="tests.test_iteration10_agency" name="test_owner_login_shape" time="0.356" /><testcase classname="tests.test_iteration10_agency" name="test_staff_login_shape" time="0.355" /><testcase classname="tests.test_iteration10_agency" name="test_admin_requires_auth[GET-/admin/restaurants]" time="0.103" /><testcase classname="tests.test_iteration10_agency" name="test_admin_requires_auth[POST-/admin/restaurants]" time="0.127" /><testcase classname="tests.test_iteration10_agency" name="test_admin_requires_auth[GET-/admin/restaurants/xxx]" time="0.099" /><testcase classname="tests.test_iteration10_agency" name="test_admin_requires_auth[PATCH-/admin/restaurants/xxx]" time="0.103" /><testcase classname="tests.test_iteration10_agency" name="test_admin_requires_auth[POST-/admin/restaurants/xxx/users]" time="0.118" /><testcase classname="tests.test_iteration10_agency" name="test_admin_requires_auth[DELETE-/admin/users/xxx]" time="0.138" /><testcase classname="tests.test_iteration10_agency" name="test_admin_owner_forbidden" time="0.428" /><testcase classname="tests.test_iteration10_agency" name="test_admin_staff_forbidden" time="0.454" /><testcase classname="tests.test_iteration10_agency" name="test_admin_agency_ok" time="0.441" /><testcase classname="tests.test_iteration10_agency" name="test_suspend_blocks_owner_login" time="0.975" /><testcase classname="tests.test_iteration10_agency" name="test_provisioning_creates_restaurant" time="0.449" /><testcase classname="tests.test_iteration10_agency" name="test_provisioning_duplicate_subdomain" time="0.102" /><testcase classname="tests.test_iteration10_agency" name="test_provisioning_duplicate_email" time="0.103" /><testcase classname="tests.test_iteration10_agency" name="test_new_owner_can_login_and_isolation" time="0.720" /><testcase classname="tests.test_iteration10_agency" name="test_detail_returns_users" time="0.100" /><testcase classname="tests.test_iteration10_agency" name="test_add_and_delete_user" time="0.423" /><testcase classname="tests.test_iteration10_agency" name="test_delete_agency_admin_forbidden" time="0.427" /><testcase classname="tests.test_iteration10_agency" name="test_seed_idempotent_login_still_works" time="0.641" /></testsuite></testsuites>