<?xml version="1.0" encoding="utf-8"?><testsuites name="pytest tests"><testsuite name="pytest" errors="0" failures="0" skipped="0" tests="12" time="7.612" timestamp="2026-07-30T11:13:56.740989+00:00" hostname="agent-env-fb3f961a-7674-457b-b509-f2dcd6b2a1bb"><testcase classname="tests.test_iteration2.TestSettingsPatch" name="test_owner_patch_settings" time="0.452" /><testcase classname="tests.test_iteration2.TestSettingsPatch" name="test_staff_patch_forbidden" time="0.406" /><testcase classname="tests.test_iteration2.TestReportsRevenue" name="test_summary_includes_revenue" time="0.182" /><testcase classname="tests.test_iteration2.TestPublicDeposit" name="test_below_threshold_no_deposit" time="1.578" /><testcase classname="tests.test_iteration2.TestPublicDeposit" name="test_above_threshold_deposit_stripe" time="0.910" /><testcase classname="tests.test_iteration2.TestPublicDeposit" name="test_payment_status" time="0.325" /><testcase classname="tests.test_iteration2.TestPublicDeposit" name="test_webhook_invalid_signature" time="0.105" /><testcase classname="tests.test_iteration2.TestPublicDeposit" name="test_reset_deposit_disabled" time="0.095" /><testcase classname="tests.test_iteration2.TestPublicCancel" name="test_cancel_flow" time="1.176" /><testcase classname="tests.test_iteration2.TestCronReminders" name="test_unauthorized" time="0.100" /><testcase classname="tests.test_iteration2.TestCronReminders" name="test_authorized" time="1.925" /><testcase classname="tests.test_iteration2.TestTablePosition" name="test_patch_position_persists" time="0.277" /></testsuite></testsuites>