<?xml version="1.0" encoding="utf-8"?><testsuites name="pytest tests"><testsuite name="pytest" errors="0" failures="0" skipped="0" tests="28" time="4.959" timestamp="2026-07-30T10:23:07.774914+00:00" hostname="agent-env-fb3f961a-7674-457b-b509-f2dcd6b2a1bb"><testcase classname="tests.backend_test.TestAuth" name="test_login_success" time="0.412" /><testcase classname="tests.backend_test.TestAuth" name="test_login_wrong_password" time="0.324" /><testcase classname="tests.backend_test.TestAuth" name="test_me" time="0.406" /><testcase classname="tests.backend_test.TestRestaurant" name="test_get_restaurant" time="0.100" /><testcase classname="tests.backend_test.TestRestaurant" name="test_public_restaurant" time="0.094" /><testcase classname="tests.backend_test.TestSeedData" name="test_areas_seeded" time="0.088" /><testcase classname="tests.backend_test.TestSeedData" name="test_tables_seeded" time="0.094" /><testcase classname="tests.backend_test.TestSeedData" name="test_opening_hours_seeded" time="0.122" /><testcase classname="tests.backend_test.TestAreasTables" name="test_create_area" time="0.095" /><testcase classname="tests.backend_test.TestAreasTables" name="test_create_table" time="0.121" /><testcase classname="tests.backend_test.TestAreasTables" name="test_patch_table" time="0.116" /><testcase classname="tests.backend_test.TestAreasTables" name="test_delete_area_with_tables_fails" time="0.090" /><testcase classname="tests.backend_test.TestAreasTables" name="test_delete_table_then_area" time="0.209" /><testcase classname="tests.backend_test.TestOpeningHours" name="test_create_weekly" time="0.095" /><testcase classname="tests.backend_test.TestOpeningHours" name="test_create_exception" time="0.091" /><testcase classname="tests.backend_test.TestOpeningHours" name="test_list_shows_both" time="0.093" /><testcase classname="tests.backend_test.TestOpeningHours" name="test_cleanup" time="0.202" /><testcase classname="tests.backend_test.TestBookings" name="test_create_booking_auto_assign_small_table" time="0.195" /><testcase classname="tests.backend_test.TestBookings" name="test_overlap_rejected" time="0.099" /><testcase classname="tests.backend_test.TestBookings" name="test_state_machine" time="0.414" /><testcase classname="tests.backend_test.TestBookings" name="test_cleanup_booking" time="0.101" /><testcase classname="tests.backend_test.TestPublic" name="test_availability_day_open" time="0.113" /><testcase classname="tests.backend_test.TestPublic" name="test_availability_day_closed_monday" time="0.128" /><testcase classname="tests.backend_test.TestPublic" name="test_availability_month" time="0.096" /><testcase classname="tests.backend_test.TestPublic" name="test_public_book" time="0.579" /><testcase classname="tests.backend_test.TestReports" name="test_summary" time="0.092" /><testcase classname="tests.backend_test.TestCustomers" name="test_search" time="0.098" /><testcase classname="tests.backend_test.TestCustomers" name="test_patch_customer" time="0.201" /></testsuite></testsuites>